<?xml version="1.0" encoding="UTF-8"?>
<testsuite name="com.fusemachine.inventory.ProductTester" tests="1" skipped="0" failures="1" errors="0" timestamp="2017-02-16T08:46:57" hostname="hasna-Inspiron-3442" time="0.006">
  <properties/>
  <testcase name="insert" classname="com.fusemachine.inventory.ProductTester" time="0.006">
    <failure message="java.lang.NullPointerException" type="java.lang.NullPointerException">java.lang.NullPointerException
	at com.fusemachine.inventory.ProductTester.insert(ProductTester.java:115)
	at sun.reflect.NativeMethodAccessorImpl.invoke0(Native Method)
	at sun.reflect.NativeMethodAccessorImpl.invoke(NativeMethodAccessorImpl.java:62)
	at sun.reflect.DelegatingMethodAccessorImpl.invoke(DelegatingMethodAccessorImpl.java:43)
	at java.lang.reflect.Method.invoke(Method.java:498)
	at org.junit.runners.model.FrameworkMethod$1.runReflectiveCall(FrameworkMethod.java:50)
	at org.junit.internal.runners.model.ReflectiveCallable.run(ReflectiveCallable.java:12)
	at org.junit.runners.model.FrameworkMethod.invokeExplosively(FrameworkMethod.java:47)
	at org.junit.internal.runners.statements.InvokeMethod.evaluate(InvokeMethod.java:17)
	at org.junit.runners.ParentRunner.runLeaf(ParentRunner.java:325)
	at org.junit.runners.BlockJUnit4ClassRunner.runChild(BlockJUnit4ClassRunner.java:78)
	at org.junit.runners.BlockJUnit4ClassRunner.runChild(BlockJUnit4ClassRunner.java:57)
	at org.junit.runners.ParentRunner$3.run(ParentRunner.java:290)
	at org.junit.runners.ParentRunner$1.schedule(ParentRunner.java:71)
	at org.junit.runners.ParentRunner.runChildren(ParentRunner.java:288)
	at org.junit.runners.ParentRunner.access$000(ParentRunner.java:58)
	at org.junit.runners.ParentRunner$2.evaluate(ParentRunner.java:268)
	at org.junit.runners.ParentRunner.run(ParentRunner.java:363)
	at org.gradle.api.internal.tasks.testing.junit.JUnitTestClassExecuter.runTestClass(JUnitTestClassExecuter.java:114)
	at org.gradle.api.internal.tasks.testing.junit.JUnitTestClassExecuter.execute(JUnitTestClassExecuter.java:57)
	at org.gradle.api.internal.tasks.testing.junit.JUnitTestClassProcessor.processTestClass(JUnitTestClassProcessor.java:66)
	at org.gradle.api.internal.tasks.testing.SuiteTestClassProcessor.processTestClass(SuiteTestClassProcessor.java:51)
	at sun.reflect.NativeMethodAccessorImpl.invoke0(Native Method)
	at sun.reflect.NativeMethodAccessorImpl.invoke(NativeMethodAccessorImpl.java:62)
	at sun.reflect.DelegatingMethodAccessorImpl.invoke(DelegatingMethodAccessorImpl.java:43)
	at java.lang.reflect.Method.invoke(Method.java:498)
	at org.gradle.internal.dispatch.ReflectionDispatch.dispatch(ReflectionDispatch.java:35)
	at org.gradle.internal.dispatch.ReflectionDispatch.dispatch(ReflectionDispatch.java:24)
	at org.gradle.internal.dispatch.ContextClassLoaderDispatch.dispatch(ContextClassLoaderDispatch.java:32)
	at org.gradle.internal.dispatch.ProxyDispatchAdapter$DispatchingInvocationHandler.invoke(ProxyDispatchAdapter.java:93)
	at com.sun.proxy.$Proxy2.processTestClass(Unknown Source)
	at org.gradle.api.internal.tasks.testing.worker.TestWorker.processTestClass(TestWorker.java:109)
	at sun.reflect.NativeMethodAccessorImpl.invoke0(Native Method)
	at sun.reflect.NativeMethodAccessorImpl.invoke(NativeMethodAccessorImpl.java:62)
	at sun.reflect.DelegatingMethodAccessorImpl.invoke(DelegatingMethodAccessorImpl.java:43)
	at java.lang.reflect.Method.invoke(Method.java:498)
	at org.gradle.internal.dispatch.ReflectionDispatch.dispatch(ReflectionDispatch.java:35)
	at org.gradle.internal.dispatch.ReflectionDispatch.dispatch(ReflectionDispatch.java:24)
	at org.gradle.internal.remote.internal.hub.MessageHub$Handler.run(MessageHub.java:377)
	at org.gradle.internal.concurrent.ExecutorPolicy$CatchAndRecordFailures.onExecute(ExecutorPolicy.java:54)
	at org.gradle.internal.concurrent.StoppableExecutorImpl$1.run(StoppableExecutorImpl.java:40)
	at java.util.concurrent.ThreadPoolExecutor.runWorker(ThreadPoolExecutor.java:1142)
	at java.util.concurrent.ThreadPoolExecutor$Worker.run(ThreadPoolExecutor.java:617)
	at java.lang.Thread.run(Thread.java:745)
</failure>
  </testcase>
  <system-out><![CDATA[14:31:56.736 [Test worker] DEBUG org.springframework.test.context.BootstrapUtils - Instantiating CacheAwareContextLoaderDelegate from class [org.springframework.test.context.cache.DefaultCacheAwareContextLoaderDelegate]
14:31:56.774 [Test worker] DEBUG org.springframework.test.context.BootstrapUtils - Instantiating BootstrapContext using constructor [public org.springframework.test.context.support.DefaultBootstrapContext(java.lang.Class,org.springframework.test.context.CacheAwareContextLoaderDelegate)]
14:31:56.800 [Test worker] DEBUG org.springframework.test.context.BootstrapUtils - Instantiating TestContextBootstrapper for test class [com.fusemachine.inventory.ProductTester] from class [org.springframework.boot.test.context.SpringBootTestContextBootstrapper]
14:31:56.830 [Test worker] DEBUG org.springframework.test.context.support.AbstractContextLoader - Did not detect default resource location for test class [com.fusemachine.inventory.ProductTester]: class path resource [com/fusemachine/inventory/ProductTester-context.xml] does not exist
14:31:56.831 [Test worker] DEBUG org.springframework.test.context.support.AbstractContextLoader - Did not detect default resource location for test class [com.fusemachine.inventory.ProductTester]: class path resource [com/fusemachine/inventory/ProductTesterContext.groovy] does not exist
14:31:56.831 [Test worker] INFO org.springframework.test.context.support.AbstractContextLoader - Could not detect default resource locations for test class [com.fusemachine.inventory.ProductTester]: no resource found for suffixes {-context.xml, Context.groovy}.
14:31:56.832 [Test worker] INFO org.springframework.test.context.support.AnnotationConfigContextLoaderUtils - Could not detect default configuration classes for test class [com.fusemachine.inventory.ProductTester]: ProductTester does not declare any static, non-private, non-final, nested classes annotated with @Configuration.
14:31:56.919 [Test worker] DEBUG org.springframework.test.context.support.ActiveProfilesUtils - Could not find an 'annotation declaring class' for annotation type [org.springframework.test.context.ActiveProfiles] and class [com.fusemachine.inventory.ProductTester]
14:31:56.927 [Test worker] DEBUG org.springframework.core.env.StandardEnvironment - Adding [systemProperties] PropertySource with lowest search precedence
14:31:56.928 [Test worker] DEBUG org.springframework.core.env.StandardEnvironment - Adding [systemEnvironment] PropertySource with lowest search precedence
14:31:56.928 [Test worker] DEBUG org.springframework.core.env.StandardEnvironment - Initialized StandardEnvironment with PropertySources [systemProperties,systemEnvironment]
14:31:56.949 [Test worker] DEBUG org.springframework.core.io.support.PathMatchingResourcePatternResolver - Resolved classpath location [com/fusemachine/inventory/] to resources [URL [file:/home/hasna/projects/Inventory/build/classes/test/com/fusemachine/inventory/], URL [file:/home/hasna/projects/Inventory/build/classes/main/com/fusemachine/inventory/]]
14:31:56.949 [Test worker] DEBUG org.springframework.core.io.support.PathMatchingResourcePatternResolver - Looking for matching resources in directory tree [/home/hasna/projects/Inventory/build/classes/test/com/fusemachine/inventory]
14:31:56.949 [Test worker] DEBUG org.springframework.core.io.support.PathMatchingResourcePatternResolver - Searching directory [/home/hasna/projects/Inventory/build/classes/test/com/fusemachine/inventory] for files matching pattern [/home/hasna/projects/Inventory/build/classes/test/com/fusemachine/inventory/*.class]
14:31:56.953 [Test worker] DEBUG org.springframework.core.io.support.PathMatchingResourcePatternResolver - Looking for matching resources in directory tree [/home/hasna/projects/Inventory/build/classes/main/com/fusemachine/inventory]
14:31:56.953 [Test worker] DEBUG org.springframework.core.io.support.PathMatchingResourcePatternResolver - Searching directory [/home/hasna/projects/Inventory/build/classes/main/com/fusemachine/inventory] for files matching pattern [/home/hasna/projects/Inventory/build/classes/main/com/fusemachine/inventory/*.class]
14:31:56.955 [Test worker] DEBUG org.springframework.core.io.support.PathMatchingResourcePatternResolver - Resolved location pattern [classpath*:com/fusemachine/inventory/*.class] to resources [file [/home/hasna/projects/Inventory/build/classes/test/com/fusemachine/inventory/BaseTest.class], file [/home/hasna/projects/Inventory/build/classes/test/com/fusemachine/inventory/ProductServiceTester.class], file [/home/hasna/projects/Inventory/build/classes/test/com/fusemachine/inventory/ProductTester.class], file [/home/hasna/projects/Inventory/build/classes/test/com/fusemachine/inventory/TestRunner.class], file [/home/hasna/projects/Inventory/build/classes/main/com/fusemachine/inventory/InventoryManagementApplication.class], file [/home/hasna/projects/Inventory/build/classes/main/com/fusemachine/inventory/MvcConfig.class], file [/home/hasna/projects/Inventory/build/classes/main/com/fusemachine/inventory/ServletInitializer.class], file [/home/hasna/projects/Inventory/build/classes/main/com/fusemachine/inventory/WebSecurityConfig.class]]
14:31:57.043 [Test worker] DEBUG org.springframework.context.annotation.ClassPathScanningCandidateComponentProvider - Identified candidate component class: file [/home/hasna/projects/Inventory/build/classes/main/com/fusemachine/inventory/InventoryManagementApplication.class]
14:31:57.113 [Test worker] INFO org.springframework.boot.test.context.SpringBootTestContextBootstrapper - Found @SpringBootConfiguration com.fusemachine.inventory.InventoryManagementApplication for test class com.fusemachine.inventory.ProductTester
14:31:57.171 [Test worker] INFO org.springframework.boot.test.context.SpringBootTestContextBootstrapper - Using TestExecutionListeners: [org.springframework.test.context.web.ServletTestExecutionListener@5e75ab4d, org.springframework.test.context.support.DirtiesContextBeforeModesTestExecutionListener@418a0c49, org.springframework.test.context.support.DependencyInjectionTestExecutionListener@161e7743, org.springframework.test.context.support.DirtiesContextTestExecutionListener@3d110f06]
]]></system-out>
  <system-err><![CDATA[]]></system-err>
</testsuite>
