<?xml version="1.0" encoding="UTF-8"?>
<!-- Generated by org.testng.reporters.JUnitReportReporter -->
<testsuite name="com.fusemachine.inventory.ProductTester" tests="7" time="1.165" ignored="0" failures="0" timestamp="20 Feb 2017 10:38:37 GMT" skipped="0" hostname="hasna-Inspiron-3442" errors="0">
  <testcase name="testedit" time="0.142" classname="com.fusemachine.inventory.ProductTester"/>
  <testcase name="testallproduct" time="0.313" classname="com.fusemachine.inventory.ProductTester"/>
  <testcase name="testinsert" time="0.132" classname="com.fusemachine.inventory.ProductTester"/>
  <testcase name="testgetSearchProduct" time="0.193" classname="com.fusemachine.inventory.ProductTester"/>
  <testcase name="testfindById" time="0.084" classname="com.fusemachine.inventory.ProductTester"/>
  <testcase name="testfindAll" time="0.079" classname="com.fusemachine.inventory.ProductTester"/>
  <testcase name="testdeleteById" time="0.222" classname="com.fusemachine.inventory.ProductTester"/>
</testsuite> <!-- com.fusemachine.inventory.ProductTester -->
